Build started 07/12/2012 12:46:47.
     1>Project "D:\Documents\FinalYearModules\foundation of algorithm\FoA4\FoA4\FoA4.vcxproj" on node 2 (build target(s)).
     1>InitializeBuildStatus:
         Creating "Debug\FoA4.unsuccessfulbuild" because "AlwaysCreate" was specified.
       ClCompile:
         All outputs are up-to-date.
         C:\Program Files\Microsoft Visual Studio 10.0\VC\bin\CL.exe /c /ZI /nologo /W3 /WX- /Od /Oy- /D WIN32 /D _DEBUG /D _CONSOLE /D _UNICODE /D UNICODE /Gm /EHsc /RTC1 /MDd /GS /fp:precise /Zc:wchar_t /Zc:forScope /Yu"StdAfx.h" /Fp"Debug\FoA4.pch" /Fo"Debug\\" /Fd"Debug\vc100.pdb" /Gd /TP /analyze- /errorReport:prompt Search.cpp
         Search.cpp
     1>d:\documents\finalyearmodules\foundation of algorithm\foa4\foa4\search.cpp(24): warning C4996: 'stricmp': The POSIX name for this item is deprecated. Instead, use the ISO C++ conformant name: _stricmp. See online help for details.
                 c:\program files\microsoft visual studio 10.0\vc\include\string.h(246) : see declaration of 'stricmp'
     1>d:\documents\finalyearmodules\foundation of algorithm\foa4\foa4\search.cpp(50): warning C4996: 'stricmp': The POSIX name for this item is deprecated. Instead, use the ISO C++ conformant name: _stricmp. See online help for details.
                 c:\program files\microsoft visual studio 10.0\vc\include\string.h(246) : see declaration of 'stricmp'
     1>d:\documents\finalyearmodules\foundation of algorithm\foa4\foa4\search.cpp(172): warning C4244: 'initializing' : conversion from 'double' to 'int', possible loss of data
     1>d:\documents\finalyearmodules\foundation of algorithm\foa4\foa4\search.cpp(308): warning C4715: 'Search::SearchInVector' : not all control paths return a value
       ManifestResourceCompile:
         All outputs are up-to-date.
       Link:
         C:\Program Files\Microsoft Visual Studio 10.0\VC\bin\link.exe /ERRORREPORT:PROMPT /OUT:"D:\Documents\FinalYearModules\foundation of algorithm\FoA4\Debug\FoA4.exe" /INCREMENTAL /NOLOGO kernel32.lib user32.lib gdi32.lib winspool.lib comdlg32.lib advapi32.lib shell32.lib ole32.lib oleaut32.lib uuid.lib odbc32.lib odbccp32.lib /MANIFEST /ManifestFile:"Debug\FoA4.exe.intermediate.manifest" /MANIFESTUAC:"level='asInvoker' uiAccess='false'" /DEBUG /PDB:"D:\Documents\FinalYearModules\foundation of algorithm\FoA4\Debug\FoA4.pdb" /SUBSYSTEM:CONSOLE /TLBID:1 /DYNAMICBASE /NXCOMPAT /IMPLIB:"D:\Documents\FinalYearModules\foundation of algorithm\FoA4\Debug\FoA4.lib" /MACHINE:X86 Debug\FoA4.exe.embed.manifest.res
         Debug\FileReader.obj
         Debug\DirExplorer.obj
         Debug\main.obj
         Debug\Line.obj
         Debug\MergeSort.obj
         Debug\Search.obj
         Debug\SearchInput.obj
         Debug\stdafx.obj
         Debug\Word.obj
       Manifest:
         c:\Program Files\Microsoft SDKs\Windows\v7.0A\bin\mt.exe /nologo /verbose /out:"Debug\FoA4.exe.embed.manifest" /manifest Debug\FoA4.exe.intermediate.manifest
         All outputs are up-to-date.
       LinkEmbedManifest:
         All outputs are up-to-date.
         FoA4.vcxproj -> D:\Documents\FinalYearModules\foundation of algorithm\FoA4\Debug\FoA4.exe
       FinalizeBuildStatus:
         Deleting file "Debug\FoA4.unsuccessfulbuild".
         Touching "Debug\FoA4.lastbuildstate".
     1>Done Building Project "D:\Documents\FinalYearModules\foundation of algorithm\FoA4\FoA4\FoA4.vcxproj" (build target(s)).

Build succeeded.

Time Elapsed 00:00:03.99
