D:\DOCUMENTS\FINALYEARMODULES\FOUNDATION OF ALGORITHM\FOA4\DEBUG\FOA4.EXE
D:\DOCUMENTS\FINALYEARMODULES\FOUNDATION OF ALGORITHM\FOA4\DEBUG\FOA4.ILK
D:\DOCUMENTS\FINALYEARMODULES\FOUNDATION OF ALGORITHM\FOA4\DEBUG\FOA4.PDB
D:\Documents\FinalYearModules\foundation of algorithm\FoA4\FoA4\Debug\cl.command.1.tlog
D:\Documents\FinalYearModules\foundation of algorithm\FoA4\FoA4\Debug\CL.read.1.tlog
D:\Documents\FinalYearModules\foundation of algorithm\FoA4\FoA4\Debug\CL.write.1.tlog
D:\DOCUMENTS\FINALYEARMODULES\FOUNDATION OF ALGORITHM\FOA4\FOA4\DEBUG\DIREXPLORER.OBJ
D:\DOCUMENTS\FINALYEARMODULES\FOUNDATION OF ALGORITHM\FOA4\FOA4\DEBUG\FILEREADER.OBJ
D:\DOCUMENTS\FINALYEARMODULES\FOUNDATION OF ALGORITHM\FOA4\FOA4\DEBUG\FOA4.EXE.EMBED.MANIFEST
D:\DOCUMENTS\FINALYEARMODULES\FOUNDATION OF ALGORITHM\FOA4\FOA4\DEBUG\FOA4.EXE.EMBED.MANIFEST.RES
D:\DOCUMENTS\FINALYEARMODULES\FOUNDATION OF ALGORITHM\FOA4\FOA4\DEBUG\FOA4.EXE.INTERMEDIATE.MANIFEST
D:\DOCUMENTS\FINALYEARMODULES\FOUNDATION OF ALGORITHM\FOA4\FOA4\DEBUG\FOA4.PCH
D:\Documents\FinalYearModules\foundation of algorithm\FoA4\FoA4\Debug\FoA4.vcxprojResolveAssemblyReference.cache
D:\Documents\FinalYearModules\foundation of algorithm\FoA4\FoA4\Debug\FoA4.write.1.tlog
D:\Documents\FinalYearModules\foundation of algorithm\FoA4\FoA4\Debug\FoA4_manifest.rc
D:\DOCUMENTS\FINALYEARMODULES\FOUNDATION OF ALGORITHM\FOA4\FOA4\DEBUG\LINE.OBJ
D:\Documents\FinalYearModules\foundation of algorithm\FoA4\FoA4\Debug\link.10740.read.1.tlog
D:\Documents\FinalYearModules\foundation of algorithm\FoA4\FoA4\Debug\link.10740.write.1.tlog
D:\Documents\FinalYearModules\foundation of algorithm\FoA4\FoA4\Debug\link.10740-cvtres.read.1.tlog
D:\Documents\FinalYearModules\foundation of algorithm\FoA4\FoA4\Debug\link.10740-cvtres.write.1.tlog
D:\Documents\FinalYearModules\foundation of algorithm\FoA4\FoA4\Debug\link.13972.read.1.tlog
D:\Documents\FinalYearModules\foundation of algorithm\FoA4\FoA4\Debug\link.13972.write.1.tlog
D:\Documents\FinalYearModules\foundation of algorithm\FoA4\FoA4\Debug\link.13972-cvtres.read.1.tlog
D:\Documents\FinalYearModules\foundation of algorithm\FoA4\FoA4\Debug\link.13972-cvtres.write.1.tlog
D:\Documents\FinalYearModules\foundation of algorithm\FoA4\FoA4\Debug\link.17820.read.1.tlog
D:\Documents\FinalYearModules\foundation of algorithm\FoA4\FoA4\Debug\link.17820.write.1.tlog
D:\Documents\FinalYearModules\foundation of algorithm\FoA4\FoA4\Debug\link.17820-cvtres.read.1.tlog
D:\Documents\FinalYearModules\foundation of algorithm\FoA4\FoA4\Debug\link.17820-cvtres.write.1.tlog
D:\Documents\FinalYearModules\foundation of algorithm\FoA4\FoA4\Debug\link.9972.read.1.tlog
D:\Documents\FinalYearModules\foundation of algorithm\FoA4\FoA4\Debug\link.9972.write.1.tlog
D:\Documents\FinalYearModules\foundation of algorithm\FoA4\FoA4\Debug\link.9972-cvtres.read.1.tlog
D:\Documents\FinalYearModules\foundation of algorithm\FoA4\FoA4\Debug\link.9972-cvtres.write.1.tlog
D:\Documents\FinalYearModules\foundation of algorithm\FoA4\FoA4\Debug\link.command.1.tlog
D:\Documents\FinalYearModules\foundation of algorithm\FoA4\FoA4\Debug\link.read.1.tlog
D:\Documents\FinalYearModules\foundation of algorithm\FoA4\FoA4\Debug\link.write.1.tlog
D:\Documents\FinalYearModules\foundation of algorithm\FoA4\FoA4\Debug\link-cvtres.read.1.tlog
D:\Documents\FinalYearModules\foundation of algorithm\FoA4\FoA4\Debug\link-cvtres.write.1.tlog
D:\DOCUMENTS\FINALYEARMODULES\FOUNDATION OF ALGORITHM\FOA4\FOA4\DEBUG\MAIN.OBJ
D:\DOCUMENTS\FINALYEARMODULES\FOUNDATION OF ALGORITHM\FOA4\FOA4\DEBUG\MERGESORT.OBJ
D:\Documents\FinalYearModules\foundation of algorithm\FoA4\FoA4\Debug\mt.command.1.tlog
D:\Documents\FinalYearModules\foundation of algorithm\FoA4\FoA4\Debug\mt.read.1.tlog
D:\Documents\FinalYearModules\foundation of algorithm\FoA4\FoA4\Debug\mt.write.1.tlog
D:\Documents\FinalYearModules\foundation of algorithm\FoA4\FoA4\Debug\rc.command.1.tlog
D:\Documents\FinalYearModules\foundation of algorithm\FoA4\FoA4\Debug\rc.read.1.tlog
D:\Documents\FinalYearModules\foundation of algorithm\FoA4\FoA4\Debug\rc.write.1.tlog
D:\DOCUMENTS\FINALYEARMODULES\FOUNDATION OF ALGORITHM\FOA4\FOA4\DEBUG\SEARCH.OBJ
D:\DOCUMENTS\FINALYEARMODULES\FOUNDATION OF ALGORITHM\FOA4\FOA4\DEBUG\SEARCHINPUT.OBJ
D:\DOCUMENTS\FINALYEARMODULES\FOUNDATION OF ALGORITHM\FOA4\FOA4\DEBUG\STDAFX.OBJ
D:\Documents\FinalYearModules\foundation of algorithm\FoA4\FoA4\Debug\vc100.idb
D:\DOCUMENTS\FINALYEARMODULES\FOUNDATION OF ALGORITHM\FOA4\FOA4\DEBUG\VC100.PDB
D:\DOCUMENTS\FINALYEARMODULES\FOUNDATION OF ALGORITHM\FOA4\FOA4\DEBUG\WORD.OBJ
